<?xml version="1.0" encoding="UTF-8"?>
<testng-results ignored="0" total="4" passed="3" failed="1" skipped="0">
  <reporter-output>
  </reporter-output>
  <suite started-at="2025-01-16T20:21:47 IST" name="Test Suite" finished-at="2025-01-16T20:22:39 IST" duration-ms="52414">
    <groups>
    </groups>
    <test started-at="2025-01-16T20:21:47 IST" name="Test" finished-at="2025-01-16T20:22:39 IST" duration-ms="52414">
      <class name="teseCases.WorkersTestCases">
        <test-method is-config="true" signature="beforeMethod()[pri:0, instance:teseCases.WorkersTestCases@34123d65]" started-at="2025-01-16T20:22:22 IST" name="beforeMethod" finished-at="2025-01-16T20:22:29 IST" duration-ms="6621" status="PASS">
          <reporter-output>
          </reporter-output>
        </test-method> <!-- beforeMethod -->
        <test-method signature="verifySelectedValueOfTitleDropDownFromCreateWorkerinWorkerMenu()[pri:0, instance:teseCases.WorkersTestCases@34123d65]" started-at="2025-01-16T20:22:29 IST" name="verifySelectedValueOfTitleDropDownFromCreateWorkerinWorkerMenu" finished-at="2025-01-16T20:22:39 IST" duration-ms="10297" status="PASS">
          <reporter-output>
          </reporter-output>
        </test-method> <!-- verifySelectedValueOfTitleDropDownFromCreateWorkerinWorkerMenu -->
        <test-method is-config="true" signature="afterMethod(org.testng.ITestResult)[pri:0, instance:teseCases.WorkersTestCases@34123d65]" started-at="2025-01-16T20:22:39 IST" name="afterMethod" finished-at="2025-01-16T20:22:39 IST" duration-ms="187" status="PASS">
          <params>
            <param index="0">
              <value>
                <![CDATA[[TestResult name=verifySelectedValueOfTitleDropDownFromCreateWorkerinWorkerMenu status=SUCCESS method=WorkersTestCases.verifySelectedValueOfTitleDropDownFromCreateWorkerinWorkerMenu()[pri:0, instance:teseCases.WorkersTestCases@34123d65] output={null}]]]>
              </value>
            </param>
          </params>
          <reporter-output>
          </reporter-output>
        </test-method> <!-- afterMethod -->
      </class> <!-- teseCases.WorkersTestCases -->
      <class name="teseCases.LoginTestCases">
        <test-method is-config="true" signature="beforeMethod()[pri:0, instance:teseCases.LoginTestCases@55183b20]" started-at="2025-01-16T20:21:47 IST" name="beforeMethod" finished-at="2025-01-16T20:22:04 IST" duration-ms="17317" status="PASS">
          <reporter-output>
          </reporter-output>
        </test-method> <!-- beforeMethod -->
        <test-method signature="verifyFontTypeOfSendButtonInsideResetLink()[pri:0, instance:teseCases.LoginTestCases@55183b20]" started-at="2025-01-16T20:22:04 IST" name="verifyFontTypeOfSendButtonInsideResetLink" finished-at="2025-01-16T20:22:04 IST" duration-ms="145" status="PASS">
          <reporter-output>
          </reporter-output>
        </test-method> <!-- verifyFontTypeOfSendButtonInsideResetLink -->
        <test-method is-config="true" signature="afterMethod(org.testng.ITestResult)[pri:0, instance:teseCases.LoginTestCases@55183b20]" started-at="2025-01-16T20:22:04 IST" name="afterMethod" finished-at="2025-01-16T20:22:05 IST" duration-ms="200" status="PASS">
          <params>
            <param index="0">
              <value>
                <![CDATA[[TestResult name=verifyFontTypeOfSendButtonInsideResetLink status=SUCCESS method=LoginTestCases.verifyFontTypeOfSendButtonInsideResetLink()[pri:0, instance:teseCases.LoginTestCases@55183b20] output={null}]]]>
              </value>
            </param>
          </params>
          <reporter-output>
          </reporter-output>
        </test-method> <!-- afterMethod -->
        <test-method is-config="true" signature="beforeMethod()[pri:0, instance:teseCases.LoginTestCases@55183b20]" started-at="2025-01-16T20:22:05 IST" name="beforeMethod" finished-at="2025-01-16T20:22:10 IST" duration-ms="5435" status="PASS">
          <reporter-output>
          </reporter-output>
        </test-method> <!-- beforeMethod -->
        <test-method signature="verifyLoginPageWorking()[pri:0, instance:teseCases.LoginTestCases@55183b20]" started-at="2025-01-16T20:22:10 IST" name="verifyLoginPageWorking" finished-at="2025-01-16T20:22:13 IST" duration-ms="2591" status="PASS">
          <reporter-output>
          </reporter-output>
        </test-method> <!-- verifyLoginPageWorking -->
        <test-method is-config="true" signature="afterMethod(org.testng.ITestResult)[pri:0, instance:teseCases.LoginTestCases@55183b20]" started-at="2025-01-16T20:22:13 IST" name="afterMethod" finished-at="2025-01-16T20:22:13 IST" duration-ms="110" status="PASS">
          <params>
            <param index="0">
              <value>
                <![CDATA[[TestResult name=verifyLoginPageWorking status=SUCCESS method=LoginTestCases.verifyLoginPageWorking()[pri:0, instance:teseCases.LoginTestCases@55183b20] output={null}]]]>
              </value>
            </param>
          </params>
          <reporter-output>
          </reporter-output>
        </test-method> <!-- afterMethod -->
        <test-method is-config="true" signature="beforeMethod()[pri:0, instance:teseCases.LoginTestCases@55183b20]" started-at="2025-01-16T20:22:13 IST" name="beforeMethod" finished-at="2025-01-16T20:22:20 IST" duration-ms="7618" status="PASS">
          <reporter-output>
          </reporter-output>
        </test-method> <!-- beforeMethod -->
        <test-method signature="verifyTheTextOfResetLinkSendButton()[pri:0, instance:teseCases.LoginTestCases@55183b20]" started-at="2025-01-16T20:22:20 IST" name="verifyTheTextOfResetLinkSendButton" finished-at="2025-01-16T20:22:22 IST" duration-ms="1151" status="FAIL">
          <exception class="java.lang.AssertionError">
            <message>
              <![CDATA[Send button inside Reset It link is not working as expected expected [Send] but found [SEND]]]>
            </message>
            <full-stacktrace>
              <![CDATA[java.lang.AssertionError: Send button inside Reset It link is not working as expected expected [Send] but found [SEND]
at org.testng.Assert.fail(Assert.java:111)
at org.testng.Assert.failNotEquals(Assert.java:1578)
at org.testng.Assert.assertEqualsImpl(Assert.java:150)
at org.testng.Assert.assertEquals(Assert.java:132)
at org.testng.Assert.assertEquals(Assert.java:656)
at teseCases.LoginTestCases.verifyTheTextOfResetLinkSendButton(LoginTestCases.java:35)
at java.base/jdk.internal.reflect.NativeMethodAccessorImpl.invoke0(Native Method)
at java.base/jdk.internal.reflect.NativeMethodAccessorImpl.invoke(NativeMethodAccessorImpl.java:77)
at java.base/jdk.internal.reflect.DelegatingMethodAccessorImpl.invoke(DelegatingMethodAccessorImpl.java:43)
at java.base/java.lang.reflect.Method.invoke(Method.java:568)
at org.testng.internal.invokers.MethodInvocationHelper.invokeMethod(MethodInvocationHelper.java:141)
at org.testng.internal.invokers.TestInvoker.invokeMethod(TestInvoker.java:686)
at org.testng.internal.invokers.TestInvoker.invokeTestMethod(TestInvoker.java:230)
at org.testng.internal.invokers.MethodRunner.runInSequence(MethodRunner.java:63)
at org.testng.internal.invokers.TestInvoker$MethodInvocationAgent.invoke(TestInvoker.java:992)
at org.testng.internal.invokers.TestInvoker.invokeTestMethods(TestInvoker.java:203)
at org.testng.internal.invokers.TestMethodWorker.invokeTestMethods(TestMethodWorker.java:154)
at org.testng.internal.invokers.TestMethodWorker.run(TestMethodWorker.java:134)
at java.base/java.util.ArrayList.forEach(ArrayList.java:1511)
at org.testng.TestRunner.privateRun(TestRunner.java:739)
at org.testng.TestRunner.run(TestRunner.java:614)
at org.testng.SuiteRunner.runTest(SuiteRunner.java:421)
at org.testng.SuiteRunner.runSequentially(SuiteRunner.java:413)
at org.testng.SuiteRunner.privateRun(SuiteRunner.java:373)
at org.testng.SuiteRunner.run(SuiteRunner.java:312)
at org.testng.SuiteRunnerWorker.runSuite(SuiteRunnerWorker.java:52)
at org.testng.SuiteRunnerWorker.run(SuiteRunnerWorker.java:95)
at org.testng.TestNG.runSuitesSequentially(TestNG.java:1274)
at org.testng.TestNG.runSuitesLocally(TestNG.java:1208)
at org.testng.TestNG.runSuites(TestNG.java:1112)
at org.testng.TestNG.run(TestNG.java:1079)
at org.testng.remote.AbstractRemoteTestNG.run(AbstractRemoteTestNG.java:115)
at org.testng.remote.RemoteTestNG.initAndRun(RemoteTestNG.java:293)
at org.testng.remote.RemoteTestNG.main(RemoteTestNG.java:91)
]]>
            </full-stacktrace>
          </exception> <!-- java.lang.AssertionError -->
          <reporter-output>
          </reporter-output>
        </test-method> <!-- verifyTheTextOfResetLinkSendButton -->
        <test-method is-config="true" signature="afterMethod(org.testng.ITestResult)[pri:0, instance:teseCases.LoginTestCases@55183b20]" started-at="2025-01-16T20:22:22 IST" name="afterMethod" finished-at="2025-01-16T20:22:22 IST" duration-ms="353" status="PASS">
          <params>
            <param index="0">
              <value>
                <![CDATA[[TestResult name=verifyTheTextOfResetLinkSendButton status=FAILURE method=LoginTestCases.verifyTheTextOfResetLinkSendButton()[pri:0, instance:teseCases.LoginTestCases@55183b20] output={null}]]]>
              </value>
            </param>
          </params>
          <reporter-output>
          </reporter-output>
        </test-method> <!-- afterMethod -->
      </class> <!-- teseCases.LoginTestCases -->
    </test> <!-- Test -->
  </suite> <!-- Test Suite -->
</testng-results>
