<?xml version="1.0" encoding="UTF-8"?>
<!-- Generated by org.testng.reporters.JUnitXMLReporter -->
<testsuite ignored="4" hostname="HOME" failures="1" tests="4" name="EdgeTest" time="59.271" errors="0" timestamp="2025-01-07T20:29:14 IST">
  <testcase classname="Assignments.Assignmment" name="verifySelectedValueOfTitleDropDownFromCreateWorkerinWorkerMenu" time="8.122">
    <skipped/>
  </testcase> <!-- verifySelectedValueOfTitleDropDownFromCreateWorkerinWorkerMenu -->
  <testcase classname="Assignments.Assignmment" name="verifySelectedValueOfTitleDropDownFromCreateWorkerinWorkerMenu" time="4.989">
    <skipped/>
  </testcase> <!-- verifySelectedValueOfTitleDropDownFromCreateWorkerinWorkerMenu -->
  <testcase classname="Assignments.Assignmment" name="verifySelectedValueOfTitleDropDownFromCreateWorkerinWorkerMenu" time="8.24">
    <skipped/>
  </testcase> <!-- verifySelectedValueOfTitleDropDownFromCreateWorkerinWorkerMenu -->
  <testcase classname="Assignments.Assignmment" name="verifySelectedValueOfTitleDropDownFromCreateWorkerinWorkerMenu" time="6.241">
    <failure type="java.lang.AssertionError" message="Not working as expected expected [Mr] but found [Ms]">
      <![CDATA[java.lang.AssertionError: Not working as expected expected [Mr] but found [Ms]
at Assignments.Assignmment.verifySelectedValueOfTitleDropDownFromCreateWorkerinWorkerMenu(Assignmment.java:99)
at java.base/java.util.ArrayList.forEach(ArrayList.java:1511)
at java.base/java.util.concurrent.FutureTask.run(FutureTask.java:264)
at java.base/java.util.concurrent.ThreadPoolExecutor.runWorker(ThreadPoolExecutor.java:1136)
at java.base/java.util.concurrent.ThreadPoolExecutor$Worker.run(ThreadPoolExecutor.java:635)
at java.base/java.lang.Thread.run(Thread.java:842)
... Removed 23 stack frames]]>
    </failure>
  </testcase> <!-- verifySelectedValueOfTitleDropDownFromCreateWorkerinWorkerMenu -->
  <testcase classname="Assignments.Assignmment" name="verifyToolTipValueOfEditIconInTableOfClientMenu" time="0.0">
    <ignored/>
  </testcase> <!-- verifyToolTipValueOfEditIconInTableOfClientMenu -->
  <testcase classname="Assignments.Assignmment" name="verifySelectedValueInCheckBoxofCreateClientInClientMenu" time="0.0">
    <ignored/>
  </testcase> <!-- verifySelectedValueInCheckBoxofCreateClientInClientMenu -->
  <testcase classname="Assignments.Assignmment" name="verifyTheTextOfResetLinkSendButton" time="0.0">
    <ignored/>
  </testcase> <!-- verifyTheTextOfResetLinkSendButton -->
  <testcase classname="Assignments.Assignmment" name="verifyFontTypeOfResetLinkSendButton" time="0.0">
    <ignored/>
  </testcase> <!-- verifyFontTypeOfResetLinkSendButton -->
</testsuite> <!-- EdgeTest -->
